{
"src\\app\\app.component.ts":{"path":"src\\app\\app.component.ts","statementMap":{"1":{"start":{"line":1,"column":0},"end":{"line":7,"column":22}},"2":{"start":{"line":16,"column":0},"end":{"line":16,"column":16}},"3":{"start":{"line":17,"column":0},"end":{"line":17,"column":34}},"4":{"start":{"line":18,"column":0},"end":{"line":18,"column":27}},"5":{"start":{"line":30,"column":0},"end":{"line":1111,"column":0}},"6":{"start":{"line":54,"column":9},"end":{"line":54,"column":32}},"7":{"start":{"line":55,"column":9},"end":{"line":55,"column":31}},"8":{"start":{"line":57,"column":9},"end":{"line":57,"column":34}},"9":{"start":{"line":58,"column":9},"end":{"line":58,"column":48}},"10":{"start":{"line":59,"column":9},"end":{"line":59,"column":38}},"11":{"start":{"line":60,"column":9},"end":{"line":60,"column":48}},"12":{"start":{"line":62,"column":9},"end":{"line":62,"column":48}},"13":{"start":{"line":63,"column":9},"end":{"line":63,"column":41}},"14":{"start":{"line":64,"column":9},"end":{"line":64,"column":40}},"15":{"start":{"line":65,"column":9},"end":{"line":65,"column":38}},"16":{"start":{"line":66,"column":9},"end":{"line":66,"column":36}},"17":{"start":{"line":67,"column":9},"end":{"line":67,"column":46}},"18":{"start":{"line":70,"column":9},"end":{"line":70,"column":56}},"19":{"start":{"line":71,"column":9},"end":{"line":71,"column":45}},"20":{"start":{"line":72,"column":9},"end":{"line":72,"column":44}},"21":{"start":{"line":73,"column":9},"end":{"line":73,"column":42}},"22":{"start":{"line":76,"column":9},"end":{"line":76,"column":44}},"23":{"start":{"line":77,"column":9},"end":{"line":77,"column":39}},"24":{"start":{"line":78,"column":9},"end":{"line":78,"column":38}},"25":{"start":{"line":79,"column":9},"end":{"line":79,"column":36}},"26":{"start":{"line":80,"column":9},"end":{"line":80,"column":43}},"27":{"start":{"line":83,"column":9},"end":{"line":83,"column":54}},"28":{"start":{"line":84,"column":9},"end":{"line":84,"column":44}},"29":{"start":{"line":85,"column":9},"end":{"line":85,"column":38}},"30":{"start":{"line":86,"column":9},"end":{"line":86,"column":43}},"31":{"start":{"line":89,"column":9},"end":{"line":89,"column":47}},"32":{"start":{"line":92,"column":9},"end":{"line":186,"column":4}},"33":{"start":{"line":189,"column":4},"end":{"line":189,"column":22}},"34":{"start":{"line":192,"column":9},"end":{"line":234,"column":3}},"35":{"start":{"line":192,"column":20},"end":{"line":192,"column":48}},"36":{"start":{"line":193,"column":24},"end":{"line":193,"column":72}},"37":{"start":{"line":194,"column":4},"end":{"line":233,"column":5}},"38":{"start":{"line":195,"column":6},"end":{"line":195,"column":65}},"39":{"start":{"line":196,"column":6},"end":{"line":196,"column":43}},"40":{"start":{"line":197,"column":6},"end":{"line":197,"column":39}},"41":{"start":{"line":198,"column":6},"end":{"line":198,"column":49}},"42":{"start":{"line":199,"column":6},"end":{"line":199,"column":51}},"43":{"start":{"line":204,"column":6},"end":{"line":204,"column":87}},"44":{"start":{"line":205,"column":26},"end":{"line":205,"column":74}},"45":{"start":{"line":206,"column":6},"end":{"line":206,"column":72}},"46":{"start":{"line":207,"column":6},"end":{"line":207,"column":75}},"47":{"start":{"line":208,"column":6},"end":{"line":208,"column":71}},"48":{"start":{"line":209,"column":6},"end":{"line":209,"column":67}},"49":{"start":{"line":210,"column":6},"end":{"line":210,"column":92}},"50":{"start":{"line":213,"column":6},"end":{"line":213,"column":81}},"51":{"start":{"line":214,"column":24},"end":{"line":214,"column":70}},"52":{"start":{"line":215,"column":6},"end":{"line":215,"column":65}},"53":{"start":{"line":216,"column":6},"end":{"line":216,"column":70}},"54":{"start":{"line":217,"column":6},"end":{"line":217,"column":66}},"55":{"start":{"line":218,"column":6},"end":{"line":218,"column":83}},"56":{"start":{"line":221,"column":6},"end":{"line":221,"column":91}},"57":{"start":{"line":222,"column":29},"end":{"line":222,"column":81}},"58":{"start":{"line":223,"column":6},"end":{"line":223,"column":80}},"59":{"start":{"line":224,"column":6},"end":{"line":224,"column":70}},"60":{"start":{"line":225,"column":6},"end":{"line":225,"column":88}},"61":{"start":{"line":228,"column":6},"end":{"line":228,"column":65}},"62":{"start":{"line":229,"column":30},"end":{"line":229,"column":83}},"63":{"start":{"line":230,"column":6},"end":{"line":230,"column":83}},"64":{"start":{"line":231,"column":6},"end":{"line":231,"column":86}},"65":{"start":{"line":232,"column":6},"end":{"line":232,"column":82}},"66":{"start":{"line":237,"column":9},"end":{"line":310,"column":3}},"67":{"start":{"line":239,"column":43},"end":{"line":239,"column":59}},"68":{"start":{"line":240,"column":25},"end":{"line":240,"column":44}},"69":{"start":{"line":244,"column":28},"end":{"line":244,"column":60}},"70":{"start":{"line":245,"column":19},"end":{"line":245,"column":49}},"71":{"start":{"line":246,"column":31},"end":{"line":246,"column":39}},"72":{"start":{"line":247,"column":24},"end":{"line":247,"column":25}},"73":{"start":{"line":249,"column":6},"end":{"line":249,"column":45}},"74":{"start":{"line":250,"column":6},"end":{"line":250,"column":46}},"75":{"start":{"line":251,"column":6},"end":{"line":251,"column":33}},"76":{"start":{"line":254,"column":6},"end":{"line":254,"column":23}},"77":{"start":{"line":255,"column":6},"end":{"line":255,"column":57}},"78":{"start":{"line":256,"column":6},"end":{"line":256,"column":57}},"79":{"start":{"line":257,"column":6},"end":{"line":257,"column":24}},"80":{"start":{"line":258,"column":6},"end":{"line":258,"column":57}},"81":{"start":{"line":259,"column":6},"end":{"line":259,"column":18}},"82":{"start":{"line":262,"column":6},"end":{"line":262,"column":23}},"83":{"start":{"line":263,"column":6},"end":{"line":263,"column":72}},"84":{"start":{"line":264,"column":6},"end":{"line":264,"column":72}},"85":{"start":{"line":265,"column":6},"end":{"line":265,"column":39}},"86":{"start":{"line":266,"column":6},"end":{"line":266,"column":71}},"87":{"start":{"line":267,"column":6},"end":{"line":267,"column":71}},"88":{"start":{"line":268,"column":6},"end":{"line":268,"column":39}},"89":{"start":{"line":269,"column":6},"end":{"line":269,"column":72}},"90":{"start":{"line":270,"column":6},"end":{"line":270,"column":18}},"91":{"start":{"line":273,"column":6},"end":{"line":273,"column":23}},"92":{"start":{"line":274,"column":6},"end":{"line":274,"column":86}},"93":{"start":{"line":275,"column":6},"end":{"line":275,"column":86}},"94":{"start":{"line":276,"column":6},"end":{"line":276,"column":54}},"95":{"start":{"line":277,"column":6},"end":{"line":277,"column":86}},"96":{"start":{"line":278,"column":6},"end":{"line":278,"column":18}},"97":{"start":{"line":280,"column":6},"end":{"line":280,"column":27}},"98":{"start":{"line":283,"column":4},"end":{"line":283,"column":95}},"99":{"start":{"line":284,"column":4},"end":{"line":284,"column":73}},"100":{"start":{"line":286,"column":4},"end":{"line":286,"column":26}},"101":{"start":{"line":287,"column":4},"end":{"line":287,"column":40}},"102":{"start":{"line":288,"column":4},"end":{"line":288,"column":39}},"103":{"start":{"line":289,"column":4},"end":{"line":289,"column":38}},"104":{"start":{"line":290,"column":21},"end":{"line":290,"column":38}},"105":{"start":{"line":291,"column":23},"end":{"line":291,"column":24}},"106":{"start":{"line":292,"column":22},"end":{"line":292,"column":23}},"107":{"start":{"line":293,"column":4},"end":{"line":298,"column":5}},"108":{"start":{"line":294,"column":6},"end":{"line":297,"column":7}},"109":{"start":{"line":295,"column":8},"end":{"line":295,"column":25}},"110":{"start":{"line":296,"column":8},"end":{"line":296,"column":43}},"111":{"start":{"line":300,"column":25},"end":{"line":300,"column":97}},"112":{"start":{"line":301,"column":4},"end":{"line":307,"column":5}},"113":{"start":{"line":302,"column":29},"end":{"line":302,"column":90}},"114":{"start":{"line":303,"column":6},"end":{"line":306,"column":71}},"115":{"start":{"line":308,"column":4},"end":{"line":308,"column":29}},"116":{"start":{"line":314,"column":9},"end":{"line":521,"column":3}},"117":{"start":{"line":317,"column":25},"end":{"line":317,"column":44}},"118":{"start":{"line":318,"column":28},"end":{"line":318,"column":59}},"119":{"start":{"line":320,"column":4},"end":{"line":320,"column":39}},"120":{"start":{"line":323,"column":4},"end":{"line":323,"column":44}},"121":{"start":{"line":324,"column":4},"end":{"line":324,"column":78}},"122":{"start":{"line":325,"column":25},"end":{"line":325,"column":75}},"123":{"start":{"line":326,"column":4},"end":{"line":326,"column":39}},"124":{"start":{"line":327,"column":4},"end":{"line":327,"column":94}},"125":{"start":{"line":329,"column":4},"end":{"line":415,"column":5}},"126":{"start":{"line":329,"column":24},"end":{"line":329,"column":23}},"127":{"start":{"line":330,"column":6},"end":{"line":330,"column":47}},"128":{"start":{"line":331,"column":6},"end":{"line":331,"column":43}},"129":{"start":{"line":332,"column":6},"end":{"line":332,"column":35}},"130":{"start":{"line":333,"column":6},"end":{"line":333,"column":75}},"131":{"start":{"line":334,"column":22},"end":{"line":334,"column":75}},"132":{"start":{"line":335,"column":22},"end":{"line":335,"column":60}},"133":{"start":{"line":336,"column":28},"end":{"line":336,"column":29}},"134":{"start":{"line":338,"column":6},"end":{"line":414,"column":7}},"135":{"start":{"line":339,"column":8},"end":{"line":339,"column":82}},"136":{"start":{"line":340,"column":23},"end":{"line":340,"column":91}},"137":{"start":{"line":341,"column":8},"end":{"line":343,"column":48}},"138":{"start":{"line":344,"column":8},"end":{"line":346,"column":48}},"139":{"start":{"line":349,"column":8},"end":{"line":349,"column":71}},"140":{"start":{"line":350,"column":29},"end":{"line":350,"column":83}},"141":{"start":{"line":351,"column":8},"end":{"line":359,"column":9}},"142":{"start":{"line":352,"column":10},"end":{"line":354,"column":87}},"143":{"start":{"line":356,"column":10},"end":{"line":358,"column":50}},"144":{"start":{"line":363,"column":8},"end":{"line":371,"column":9}},"145":{"start":{"line":364,"column":10},"end":{"line":366,"column":87}},"146":{"start":{"line":368,"column":10},"end":{"line":370,"column":50}},"147":{"start":{"line":374,"column":8},"end":{"line":374,"column":35}},"148":{"start":{"line":375,"column":8},"end":{"line":375,"column":55}},"149":{"start":{"line":376,"column":8},"end":{"line":376,"column":73}},"150":{"start":{"line":377,"column":8},"end":{"line":377,"column":35}},"151":{"start":{"line":378,"column":8},"end":{"line":378,"column":32}},"152":{"start":{"line":381,"column":8},"end":{"line":381,"column":35}},"153":{"start":{"line":382,"column":8},"end":{"line":382,"column":56}},"154":{"start":{"line":383,"column":8},"end":{"line":383,"column":74}},"155":{"start":{"line":384,"column":8},"end":{"line":384,"column":35}},"156":{"start":{"line":385,"column":8},"end":{"line":385,"column":32}},"157":{"start":{"line":387,"column":8},"end":{"line":391,"column":9}},"158":{"start":{"line":388,"column":10},"end":{"line":388,"column":84}},"159":{"start":{"line":389,"column":15},"end":{"line":391,"column":9}},"160":{"start":{"line":390,"column":10},"end":{"line":390,"column":89}},"161":{"start":{"line":393,"column":8},"end":{"line":394,"column":77}},"162":{"start":{"line":396,"column":8},"end":{"line":396,"column":71}},"163":{"start":{"line":397,"column":29},"end":{"line":397,"column":83}},"164":{"start":{"line":398,"column":8},"end":{"line":406,"column":9}},"165":{"start":{"line":399,"column":10},"end":{"line":401,"column":87}},"166":{"start":{"line":403,"column":10},"end":{"line":405,"column":87}},"167":{"start":{"line":409,"column":8},"end":{"line":409,"column":35}},"168":{"start":{"line":410,"column":8},"end":{"line":410,"column":55}},"169":{"start":{"line":411,"column":8},"end":{"line":411,"column":73}},"170":{"start":{"line":412,"column":8},"end":{"line":412,"column":35}},"171":{"start":{"line":413,"column":8},"end":{"line":413,"column":32}},"172":{"start":{"line":417,"column":4},"end":{"line":520,"column":5}},"173":{"start":{"line":419,"column":6},"end":{"line":419,"column":33}},"174":{"start":{"line":420,"column":6},"end":{"line":420,"column":35}},"175":{"start":{"line":421,"column":6},"end":{"line":421,"column":77}},"176":{"start":{"line":422,"column":6},"end":{"line":422,"column":96}},"177":{"start":{"line":423,"column":6},"end":{"line":423,"column":33}},"178":{"start":{"line":424,"column":6},"end":{"line":424,"column":43}},"179":{"start":{"line":425,"column":6},"end":{"line":425,"column":41}},"180":{"start":{"line":426,"column":6},"end":{"line":426,"column":30}},"181":{"start":{"line":427,"column":6},"end":{"line":427,"column":59}},"182":{"start":{"line":429,"column":37},"end":{"line":429,"column":42}},"183":{"start":{"line":430,"column":6},"end":{"line":434,"column":7}},"184":{"start":{"line":430,"column":26},"end":{"line":430,"column":25}},"185":{"start":{"line":431,"column":8},"end":{"line":433,"column":9}},"186":{"start":{"line":432,"column":10},"end":{"line":432,"column":33}},"187":{"start":{"line":435,"column":6},"end":{"line":468,"column":7}},"188":{"start":{"line":436,"column":8},"end":{"line":467,"column":9}},"189":{"start":{"line":437,"column":10},"end":{"line":452,"column":11}},"190":{"start":{"line":438,"column":27},"end":{"line":438,"column":61}},"191":{"start":{"line":439,"column":28},"end":{"line":439,"column":70}},"192":{"start":{"line":440,"column":12},"end":{"line":442,"column":75}},"193":{"start":{"line":444,"column":12},"end":{"line":446,"column":13}},"194":{"start":{"line":445,"column":14},"end":{"line":445,"column":83}},"195":{"start":{"line":447,"column":27},"end":{"line":447,"column":55}},"196":{"start":{"line":448,"column":28},"end":{"line":448,"column":70}},"197":{"start":{"line":449,"column":12},"end":{"line":451,"column":75}},"198":{"start":{"line":454,"column":10},"end":{"line":466,"column":11}},"199":{"start":{"line":455,"column":27},"end":{"line":455,"column":66}},"200":{"start":{"line":456,"column":28},"end":{"line":456,"column":70}},"201":{"start":{"line":457,"column":12},"end":{"line":459,"column":75}},"202":{"start":{"line":461,"column":27},"end":{"line":461,"column":60}},"203":{"start":{"line":462,"column":28},"end":{"line":462,"column":70}},"204":{"start":{"line":463,"column":12},"end":{"line":465,"column":75}},"205":{"start":{"line":470,"column":6},"end":{"line":519,"column":7}},"206":{"start":{"line":471,"column":8},"end":{"line":471,"column":44}},"207":{"start":{"line":472,"column":8},"end":{"line":472,"column":37}},"208":{"start":{"line":475,"column":8},"end":{"line":494,"column":9}},"209":{"start":{"line":477,"column":10},"end":{"line":477,"column":37}},"210":{"start":{"line":478,"column":10},"end":{"line":479,"column":66}},"211":{"start":{"line":480,"column":10},"end":{"line":481,"column":85}},"212":{"start":{"line":482,"column":10},"end":{"line":482,"column":37}},"213":{"start":{"line":483,"column":10},"end":{"line":483,"column":34}},"214":{"start":{"line":486,"column":10},"end":{"line":486,"column":37}},"215":{"start":{"line":487,"column":10},"end":{"line":489,"column":76}},"216":{"start":{"line":490,"column":10},"end":{"line":491,"column":85}},"217":{"start":{"line":492,"column":10},"end":{"line":492,"column":37}},"218":{"start":{"line":493,"column":10},"end":{"line":493,"column":34}},"219":{"start":{"line":496,"column":8},"end":{"line":518,"column":9}},"220":{"start":{"line":499,"column":10},"end":{"line":499,"column":37}},"221":{"start":{"line":500,"column":10},"end":{"line":502,"column":76}},"222":{"start":{"line":503,"column":10},"end":{"line":504,"column":85}},"223":{"start":{"line":505,"column":10},"end":{"line":505,"column":37}},"224":{"start":{"line":506,"column":10},"end":{"line":506,"column":34}},"225":{"start":{"line":510,"column":10},"end":{"line":510,"column":37}},"226":{"start":{"line":511,"column":10},"end":{"line":513,"column":76}},"227":{"start":{"line":514,"column":10},"end":{"line":515,"column":85}},"228":{"start":{"line":516,"column":10},"end":{"line":516,"column":37}},"229":{"start":{"line":517,"column":10},"end":{"line":517,"column":34}},"230":{"start":{"line":525,"column":9},"end":{"line":555,"column":3}},"231":{"start":{"line":526,"column":34},"end":{"line":526,"column":36}},"232":{"start":{"line":527,"column":26},"end":{"line":527,"column":46}},"233":{"start":{"line":528,"column":24},"end":{"line":528,"column":26}},"234":{"start":{"line":530,"column":4},"end":{"line":552,"column":5}},"235":{"start":{"line":530,"column":22},"end":{"line":530,"column":21}},"236":{"start":{"line":532,"column":22},"end":{"line":532,"column":42}},"237":{"start":{"line":533,"column":17},"end":{"line":533,"column":43}},"238":{"start":{"line":534,"column":20},"end":{"line":534,"column":21}},"239":{"start":{"line":535,"column":6},"end":{"line":537,"column":7}},"240":{"start":{"line":536,"column":8},"end":{"line":536,"column":74}},"241":{"start":{"line":538,"column":23},"end":{"line":538,"column":37}},"242":{"start":{"line":539,"column":6},"end":{"line":544,"column":7}},"243":{"start":{"line":540,"column":8},"end":{"line":540,"column":37}},"244":{"start":{"line":541,"column":13},"end":{"line":544,"column":7}},"245":{"start":{"line":543,"column":8},"end":{"line":543,"column":25}},"246":{"start":{"line":545,"column":25},"end":{"line":545,"column":26}},"247":{"start":{"line":546,"column":6},"end":{"line":550,"column":7}},"248":{"start":{"line":547,"column":8},"end":{"line":547,"column":51}},"249":{"start":{"line":549,"column":8},"end":{"line":549,"column":56}},"250":{"start":{"line":551,"column":6},"end":{"line":551,"column":88}},"251":{"start":{"line":553,"column":4},"end":{"line":553,"column":67}},"252":{"start":{"line":591,"column":9},"end":{"line":617,"column":3}},"253":{"start":{"line":592,"column":20},"end":{"line":592,"column":40}},"254":{"start":{"line":594,"column":4},"end":{"line":599,"column":5}},"255":{"start":{"line":595,"column":6},"end":{"line":596,"column":86}},"256":{"start":{"line":598,"column":6},"end":{"line":598,"column":44}},"257":{"start":{"line":600,"column":4},"end":{"line":616,"column":5}},"258":{"start":{"line":601,"column":23},"end":{"line":601,"column":54}},"259":{"start":{"line":602,"column":35},"end":{"line":602,"column":56}},"260":{"start":{"line":603,"column":6},"end":{"line":605,"column":7}},"261":{"start":{"line":604,"column":8},"end":{"line":604,"column":42}},"262":{"start":{"line":606,"column":6},"end":{"line":606,"column":49}},"263":{"start":{"line":607,"column":11},"end":{"line":616,"column":5}},"264":{"start":{"line":608,"column":23},"end":{"line":608,"column":54}},"265":{"start":{"line":609,"column":35},"end":{"line":609,"column":56}},"266":{"start":{"line":610,"column":6},"end":{"line":612,"column":7}},"267":{"start":{"line":611,"column":8},"end":{"line":611,"column":42}},"268":{"start":{"line":613,"column":6},"end":{"line":613,"column":49}},"269":{"start":{"line":615,"column":6},"end":{"line":615,"column":23}},"270":{"start":{"line":620,"column":9},"end":{"line":628,"column":3}},"271":{"start":{"line":621,"column":25},"end":{"line":621,"column":45}},"272":{"start":{"line":622,"column":16},"end":{"line":622,"column":47}},"273":{"start":{"line":623,"column":18},"end":{"line":623,"column":19}},"274":{"start":{"line":624,"column":4},"end":{"line":626,"column":5}},"275":{"start":{"line":625,"column":6},"end":{"line":625,"column":78}},"276":{"start":{"line":627,"column":4},"end":{"line":627,"column":27}},"277":{"start":{"line":631,"column":9},"end":{"line":694,"column":3}},"278":{"start":{"line":633,"column":25},"end":{"line":633,"column":44}},"279":{"start":{"line":634,"column":28},"end":{"line":634,"column":59}},"280":{"start":{"line":635,"column":20},"end":{"line":635,"column":43}},"281":{"start":{"line":636,"column":25},"end":{"line":636,"column":63}},"282":{"start":{"line":637,"column":23},"end":{"line":637,"column":59}},"283":{"start":{"line":638,"column":26},"end":{"line":638,"column":66}},"284":{"start":{"line":641,"column":4},"end":{"line":644,"column":5}},"285":{"start":{"line":642,"column":6},"end":{"line":642,"column":43}},"286":{"start":{"line":643,"column":6},"end":{"line":643,"column":98}},"287":{"start":{"line":646,"column":4},"end":{"line":680,"column":5}},"288":{"start":{"line":646,"column":22},"end":{"line":646,"column":21}},"289":{"start":{"line":648,"column":27},"end":{"line":648,"column":55}},"290":{"start":{"line":650,"column":6},"end":{"line":652,"column":7}},"291":{"start":{"line":651,"column":8},"end":{"line":651,"column":29}},"292":{"start":{"line":653,"column":6},"end":{"line":653,"column":33}},"293":{"start":{"line":654,"column":6},"end":{"line":654,"column":35}},"294":{"start":{"line":655,"column":6},"end":{"line":656,"column":58}},"295":{"start":{"line":657,"column":6},"end":{"line":658,"column":77}},"296":{"start":{"line":659,"column":6},"end":{"line":659,"column":33}},"297":{"start":{"line":660,"column":6},"end":{"line":660,"column":43}},"298":{"start":{"line":661,"column":6},"end":{"line":661,"column":41}},"299":{"start":{"line":662,"column":6},"end":{"line":662,"column":30}},"300":{"start":{"line":664,"column":6},"end":{"line":671,"column":7}},"301":{"start":{"line":666,"column":8},"end":{"line":666,"column":35}},"302":{"start":{"line":667,"column":8},"end":{"line":667,"column":80}},"303":{"start":{"line":668,"column":8},"end":{"line":668,"column":99}},"304":{"start":{"line":669,"column":8},"end":{"line":669,"column":35}},"305":{"start":{"line":670,"column":8},"end":{"line":670,"column":32}},"306":{"start":{"line":673,"column":6},"end":{"line":679,"column":7}},"307":{"start":{"line":674,"column":8},"end":{"line":674,"column":35}},"308":{"start":{"line":675,"column":8},"end":{"line":675,"column":57}},"309":{"start":{"line":676,"column":8},"end":{"line":676,"column":76}},"310":{"start":{"line":677,"column":8},"end":{"line":677,"column":35}},"311":{"start":{"line":678,"column":8},"end":{"line":678,"column":32}},"312":{"start":{"line":682,"column":4},"end":{"line":682,"column":38}},"313":{"start":{"line":683,"column":4},"end":{"line":683,"column":39}},"314":{"start":{"line":684,"column":21},"end":{"line":684,"column":48}},"315":{"start":{"line":686,"column":4},"end":{"line":692,"column":5}},"316":{"start":{"line":687,"column":29},"end":{"line":687,"column":90}},"317":{"start":{"line":688,"column":6},"end":{"line":691,"column":70}},"318":{"start":{"line":697,"column":9},"end":{"line":739,"column":3}},"319":{"start":{"line":699,"column":25},"end":{"line":699,"column":44}},"320":{"start":{"line":700,"column":28},"end":{"line":700,"column":59}},"321":{"start":{"line":701,"column":20},"end":{"line":701,"column":63}},"322":{"start":{"line":702,"column":25},"end":{"line":702,"column":65}},"323":{"start":{"line":703,"column":23},"end":{"line":703,"column":61}},"324":{"start":{"line":704,"column":26},"end":{"line":704,"column":70}},"325":{"start":{"line":706,"column":4},"end":{"line":706,"column":49}},"326":{"start":{"line":707,"column":4},"end":{"line":712,"column":5}},"327":{"start":{"line":708,"column":6},"end":{"line":708,"column":62}},"328":{"start":{"line":709,"column":6},"end":{"line":709,"column":100}},"329":{"start":{"line":711,"column":6},"end":{"line":711,"column":100}},"330":{"start":{"line":715,"column":4},"end":{"line":715,"column":26}},"331":{"start":{"line":716,"column":4},"end":{"line":716,"column":40}},"332":{"start":{"line":717,"column":4},"end":{"line":717,"column":38}},"333":{"start":{"line":718,"column":4},"end":{"line":718,"column":49}},"334":{"start":{"line":719,"column":21},"end":{"line":719,"column":50}},"335":{"start":{"line":720,"column":23},"end":{"line":720,"column":24}},"336":{"start":{"line":721,"column":22},"end":{"line":721,"column":23}},"337":{"start":{"line":722,"column":4},"end":{"line":727,"column":5}},"338":{"start":{"line":723,"column":6},"end":{"line":726,"column":7}},"339":{"start":{"line":724,"column":8},"end":{"line":724,"column":25}},"340":{"start":{"line":725,"column":8},"end":{"line":725,"column":43}},"341":{"start":{"line":729,"column":25},"end":{"line":729,"column":97}},"342":{"start":{"line":730,"column":4},"end":{"line":737,"column":5}},"343":{"start":{"line":731,"column":29},"end":{"line":731,"column":90}},"344":{"start":{"line":732,"column":6},"end":{"line":736,"column":71}},"345":{"start":{"line":738,"column":4},"end":{"line":738,"column":29}},"346":{"start":{"line":742,"column":9},"end":{"line":821,"column":3}},"347":{"start":{"line":743,"column":24},"end":{"line":743,"column":60}},"348":{"start":{"line":744,"column":4},"end":{"line":744,"column":77}},"349":{"start":{"line":745,"column":4},"end":{"line":745,"column":82}},"350":{"start":{"line":747,"column":25},"end":{"line":747,"column":55}},"351":{"start":{"line":748,"column":4},"end":{"line":748,"column":39}},"352":{"start":{"line":749,"column":4},"end":{"line":749,"column":77}},"353":{"start":{"line":751,"column":4},"end":{"line":771,"column":5}},"354":{"start":{"line":752,"column":17},"end":{"line":752,"column":54}},"355":{"start":{"line":753,"column":6},"end":{"line":753,"column":59}},"356":{"start":{"line":754,"column":6},"end":{"line":754,"column":55}},"357":{"start":{"line":756,"column":34},"end":{"line":756,"column":85}},"358":{"start":{"line":757,"column":34},"end":{"line":757,"column":85}},"359":{"start":{"line":758,"column":6},"end":{"line":770,"column":7}},"360":{"start":{"line":759,"column":8},"end":{"line":760,"column":76}},"361":{"start":{"line":762,"column":8},"end":{"line":765,"column":76}},"362":{"start":{"line":766,"column":8},"end":{"line":769,"column":76}},"363":{"start":{"line":773,"column":4},"end":{"line":820,"column":5}},"364":{"start":{"line":774,"column":17},"end":{"line":774,"column":30}},"365":{"start":{"line":777,"column":6},"end":{"line":794,"column":7}},"366":{"start":{"line":777,"column":27},"end":{"line":777,"column":26}},"367":{"start":{"line":779,"column":36},"end":{"line":780,"column":79}},"368":{"start":{"line":781,"column":32},"end":{"line":781,"column":83}},"369":{"start":{"line":783,"column":8},"end":{"line":793,"column":11}},"370":{"start":{"line":784,"column":10},"end":{"line":785,"column":76}},"371":{"start":{"line":787,"column":10},"end":{"line":789,"column":78}},"372":{"start":{"line":790,"column":10},"end":{"line":792,"column":68}},"373":{"start":{"line":798,"column":6},"end":{"line":799,"column":70}},"374":{"start":{"line":802,"column":6},"end":{"line":819,"column":7}},"375":{"start":{"line":802,"column":25},"end":{"line":802,"column":24}},"376":{"start":{"line":804,"column":36},"end":{"line":805,"column":77}},"377":{"start":{"line":806,"column":30},"end":{"line":806,"column":81}},"378":{"start":{"line":808,"column":8},"end":{"line":818,"column":11}},"379":{"start":{"line":809,"column":10},"end":{"line":810,"column":72}},"380":{"start":{"line":812,"column":10},"end":{"line":814,"column":74}},"381":{"start":{"line":815,"column":10},"end":{"line":817,"column":64}},"382":{"start":{"line":824,"column":9},"end":{"line":857,"column":3}},"383":{"start":{"line":825,"column":4},"end":{"line":825,"column":28}},"384":{"start":{"line":826,"column":4},"end":{"line":826,"column":27}},"385":{"start":{"line":827,"column":4},"end":{"line":855,"column":5}},"386":{"start":{"line":828,"column":6},"end":{"line":828,"column":46}},"387":{"start":{"line":829,"column":6},"end":{"line":829,"column":33}},"388":{"start":{"line":830,"column":6},"end":{"line":830,"column":31}},"389":{"start":{"line":831,"column":6},"end":{"line":831,"column":36}},"390":{"start":{"line":832,"column":6},"end":{"line":832,"column":37}},"391":{"start":{"line":833,"column":6},"end":{"line":833,"column":29}},"392":{"start":{"line":834,"column":11},"end":{"line":855,"column":5}},"393":{"start":{"line":835,"column":6},"end":{"line":835,"column":56}},"394":{"start":{"line":836,"column":6},"end":{"line":836,"column":33}},"395":{"start":{"line":837,"column":6},"end":{"line":837,"column":31}},"396":{"start":{"line":838,"column":6},"end":{"line":838,"column":36}},"397":{"start":{"line":839,"column":6},"end":{"line":839,"column":37}},"398":{"start":{"line":840,"column":6},"end":{"line":840,"column":33}},"399":{"start":{"line":841,"column":11},"end":{"line":855,"column":5}},"400":{"start":{"line":842,"column":6},"end":{"line":842,"column":48}},"401":{"start":{"line":843,"column":6},"end":{"line":843,"column":33}},"402":{"start":{"line":844,"column":6},"end":{"line":844,"column":31}},"403":{"start":{"line":845,"column":6},"end":{"line":845,"column":36}},"404":{"start":{"line":846,"column":6},"end":{"line":846,"column":37}},"405":{"start":{"line":847,"column":6},"end":{"line":847,"column":27}},"406":{"start":{"line":848,"column":11},"end":{"line":855,"column":5}},"407":{"start":{"line":849,"column":6},"end":{"line":849,"column":55}},"408":{"start":{"line":850,"column":6},"end":{"line":850,"column":33}},"409":{"start":{"line":851,"column":6},"end":{"line":851,"column":31}},"410":{"start":{"line":852,"column":6},"end":{"line":852,"column":36}},"411":{"start":{"line":853,"column":6},"end":{"line":853,"column":37}},"412":{"start":{"line":854,"column":6},"end":{"line":854,"column":32}},"413":{"start":{"line":856,"column":4},"end":{"line":856,"column":24}},"414":{"start":{"line":859,"column":9},"end":{"line":867,"column":3}},"415":{"start":{"line":860,"column":24},"end":{"line":860,"column":60}},"416":{"start":{"line":861,"column":4},"end":{"line":865,"column":5}},"417":{"start":{"line":862,"column":6},"end":{"line":862,"column":83}},"418":{"start":{"line":864,"column":6},"end":{"line":864,"column":46}},"419":{"start":{"line":866,"column":4},"end":{"line":866,"column":31}},"420":{"start":{"line":869,"column":9},"end":{"line":877,"column":3}},"421":{"start":{"line":870,"column":24},"end":{"line":870,"column":72}},"422":{"start":{"line":871,"column":4},"end":{"line":871,"column":85}},"423":{"start":{"line":872,"column":4},"end":{"line":872,"column":79}},"424":{"start":{"line":873,"column":4},"end":{"line":873,"column":89}},"425":{"start":{"line":874,"column":4},"end":{"line":874,"column":27}},"426":{"start":{"line":875,"column":4},"end":{"line":875,"column":25}},"427":{"start":{"line":876,"column":4},"end":{"line":876,"column":30}},"428":{"start":{"line":879,"column":9},"end":{"line":896,"column":3}},"429":{"start":{"line":880,"column":4},"end":{"line":895,"column":5}},"430":{"start":{"line":881,"column":26},"end":{"line":881,"column":74}},"431":{"start":{"line":882,"column":6},"end":{"line":882,"column":72}},"432":{"start":{"line":883,"column":6},"end":{"line":883,"column":75}},"433":{"start":{"line":884,"column":6},"end":{"line":884,"column":71}},"434":{"start":{"line":885,"column":6},"end":{"line":885,"column":67}},"435":{"start":{"line":886,"column":6},"end":{"line":886,"column":92}},"436":{"start":{"line":887,"column":6},"end":{"line":887,"column":60}},"437":{"start":{"line":889,"column":6},"end":{"line":889,"column":35}},"438":{"start":{"line":890,"column":6},"end":{"line":890,"column":39}},"439":{"start":{"line":891,"column":6},"end":{"line":891,"column":37}},"440":{"start":{"line":892,"column":6},"end":{"line":892,"column":35}},"441":{"start":{"line":893,"column":6},"end":{"line":893,"column":39}},"442":{"start":{"line":894,"column":6},"end":{"line":894,"column":60}},"443":{"start":{"line":898,"column":9},"end":{"line":910,"column":3}},"444":{"start":{"line":899,"column":4},"end":{"line":909,"column":5}},"445":{"start":{"line":901,"column":30},"end":{"line":901,"column":83}},"446":{"start":{"line":902,"column":6},"end":{"line":902,"column":83}},"447":{"start":{"line":903,"column":6},"end":{"line":903,"column":86}},"448":{"start":{"line":904,"column":6},"end":{"line":904,"column":82}},"449":{"start":{"line":906,"column":6},"end":{"line":906,"column":39}},"450":{"start":{"line":907,"column":6},"end":{"line":907,"column":43}},"451":{"start":{"line":908,"column":6},"end":{"line":908,"column":41}},"452":{"start":{"line":912,"column":9},"end":{"line":927,"column":3}},"453":{"start":{"line":913,"column":4},"end":{"line":926,"column":5}},"454":{"start":{"line":914,"column":24},"end":{"line":914,"column":70}},"455":{"start":{"line":915,"column":6},"end":{"line":915,"column":65}},"456":{"start":{"line":916,"column":6},"end":{"line":916,"column":68}},"457":{"start":{"line":917,"column":6},"end":{"line":917,"column":64}},"458":{"start":{"line":918,"column":6},"end":{"line":918,"column":83}},"459":{"start":{"line":919,"column":6},"end":{"line":919,"column":55}},"460":{"start":{"line":921,"column":6},"end":{"line":921,"column":33}},"461":{"start":{"line":922,"column":6},"end":{"line":922,"column":37}},"462":{"start":{"line":923,"column":6},"end":{"line":923,"column":35}},"463":{"start":{"line":924,"column":6},"end":{"line":924,"column":36}},"464":{"start":{"line":925,"column":6},"end":{"line":925,"column":55}},"465":{"start":{"line":929,"column":9},"end":{"line":943,"column":3}},"466":{"start":{"line":930,"column":4},"end":{"line":942,"column":5}},"467":{"start":{"line":932,"column":29},"end":{"line":932,"column":81}},"468":{"start":{"line":933,"column":6},"end":{"line":933,"column":80}},"469":{"start":{"line":934,"column":6},"end":{"line":934,"column":73}},"470":{"start":{"line":935,"column":6},"end":{"line":935,"column":88}},"471":{"start":{"line":936,"column":6},"end":{"line":936,"column":60}},"472":{"start":{"line":938,"column":6},"end":{"line":938,"column":38}},"473":{"start":{"line":939,"column":6},"end":{"line":939,"column":37}},"474":{"start":{"line":940,"column":6},"end":{"line":940,"column":36}},"475":{"start":{"line":941,"column":6},"end":{"line":941,"column":60}},"476":{"start":{"line":945,"column":9},"end":{"line":1029,"column":3}},"477":{"start":{"line":946,"column":4},"end":{"line":1027,"column":5}},"478":{"start":{"line":947,"column":26},"end":{"line":947,"column":74}},"479":{"start":{"line":948,"column":6},"end":{"line":965,"column":7}},"480":{"start":{"line":949,"column":8},"end":{"line":949,"column":91}},"481":{"start":{"line":950,"column":8},"end":{"line":950,"column":99}},"482":{"start":{"line":951,"column":8},"end":{"line":951,"column":95}},"483":{"start":{"line":952,"column":8},"end":{"line":952,"column":91}},"484":{"start":{"line":953,"column":8},"end":{"line":953,"column":94}},"485":{"start":{"line":955,"column":8},"end":{"line":961,"column":11}},"486":{"start":{"line":963,"column":8},"end":{"line":963,"column":74}},"487":{"start":{"line":964,"column":8},"end":{"line":964,"column":31}},"488":{"start":{"line":966,"column":11},"end":{"line":1027,"column":5}},"489":{"start":{"line":967,"column":24},"end":{"line":967,"column":70}},"490":{"start":{"line":968,"column":6},"end":{"line":983,"column":7}},"491":{"start":{"line":969,"column":8},"end":{"line":969,"column":84}},"492":{"start":{"line":970,"column":8},"end":{"line":970,"column":92}},"493":{"start":{"line":971,"column":8},"end":{"line":971,"column":88}},"494":{"start":{"line":972,"column":8},"end":{"line":972,"column":86}},"495":{"start":{"line":974,"column":8},"end":{"line":979,"column":11}},"496":{"start":{"line":981,"column":8},"end":{"line":981,"column":67}},"497":{"start":{"line":982,"column":8},"end":{"line":982,"column":29}},"498":{"start":{"line":984,"column":11},"end":{"line":1027,"column":5}},"499":{"start":{"line":985,"column":29},"end":{"line":985,"column":81}},"500":{"start":{"line":986,"column":6},"end":{"line":1009,"column":7}},"501":{"start":{"line":987,"column":8},"end":{"line":987,"column":99}},"502":{"start":{"line":988,"column":8},"end":{"line":988,"column":97}},"503":{"start":{"line":989,"column":8},"end":{"line":993,"column":9}},"504":{"start":{"line":990,"column":10},"end":{"line":990,"column":64}},"505":{"start":{"line":992,"column":10},"end":{"line":992,"column":65}},"506":{"start":{"line":995,"column":25},"end":{"line":995,"column":31}},"507":{"start":{"line":996,"column":8},"end":{"line":1000,"column":9}},"508":{"start":{"line":997,"column":10},"end":{"line":997,"column":30}},"509":{"start":{"line":999,"column":10},"end":{"line":999,"column":31}},"510":{"start":{"line":1001,"column":8},"end":{"line":1005,"column":11}},"511":{"start":{"line":1007,"column":8},"end":{"line":1007,"column":82}},"512":{"start":{"line":1008,"column":8},"end":{"line":1008,"column":34}},"513":{"start":{"line":1010,"column":11},"end":{"line":1027,"column":5}},"514":{"start":{"line":1011,"column":30},"end":{"line":1011,"column":83}},"515":{"start":{"line":1012,"column":30},"end":{"line":1012,"column":67}},"516":{"start":{"line":1013,"column":6},"end":{"line":1026,"column":7}},"517":{"start":{"line":1014,"column":8},"end":{"line":1014,"column":82}},"518":{"start":{"line":1015,"column":8},"end":{"line":1015,"column":90}},"519":{"start":{"line":1016,"column":8},"end":{"line":1016,"column":86}},"520":{"start":{"line":1018,"column":8},"end":{"line":1022,"column":11}},"521":{"start":{"line":1024,"column":8},"end":{"line":1024,"column":85}},"522":{"start":{"line":1025,"column":8},"end":{"line":1025,"column":35}},"523":{"start":{"line":1028,"column":4},"end":{"line":1028,"column":31}},"524":{"start":{"line":1031,"column":9},"end":{"line":1054,"column":3}},"525":{"start":{"line":1032,"column":4},"end":{"line":1052,"column":5}},"526":{"start":{"line":1033,"column":26},"end":{"line":1033,"column":74}},"527":{"start":{"line":1034,"column":6},"end":{"line":1034,"column":47}},"528":{"start":{"line":1035,"column":6},"end":{"line":1035,"column":42}},"529":{"start":{"line":1036,"column":6},"end":{"line":1036,"column":29}},"530":{"start":{"line":1037,"column":11},"end":{"line":1052,"column":5}},"531":{"start":{"line":1038,"column":24},"end":{"line":1038,"column":70}},"532":{"start":{"line":1039,"column":6},"end":{"line":1039,"column":42}},"533":{"start":{"line":1040,"column":6},"end":{"line":1040,"column":38}},"534":{"start":{"line":1041,"column":6},"end":{"line":1041,"column":27}},"535":{"start":{"line":1042,"column":11},"end":{"line":1052,"column":5}},"536":{"start":{"line":1043,"column":29},"end":{"line":1043,"column":81}},"537":{"start":{"line":1044,"column":6},"end":{"line":1044,"column":52}},"538":{"start":{"line":1045,"column":6},"end":{"line":1045,"column":48}},"539":{"start":{"line":1046,"column":6},"end":{"line":1046,"column":32}},"540":{"start":{"line":1047,"column":11},"end":{"line":1052,"column":5}},"541":{"start":{"line":1048,"column":30},"end":{"line":1048,"column":83}},"542":{"start":{"line":1049,"column":6},"end":{"line":1049,"column":54}},"543":{"start":{"line":1050,"column":6},"end":{"line":1050,"column":50}},"544":{"start":{"line":1051,"column":6},"end":{"line":1051,"column":33}},"545":{"start":{"line":1053,"column":4},"end":{"line":1053,"column":31}},"546":{"start":{"line":1056,"column":9},"end":{"line":1061,"column":3}},"547":{"start":{"line":1057,"column":20},"end":{"line":1057,"column":41}},"548":{"start":{"line":1058,"column":15},"end":{"line":1059,"column":64}},"549":{"start":{"line":1060,"column":4},"end":{"line":1060,"column":47}},"550":{"start":{"line":1063,"column":9},"end":{"line":1076,"column":3}},"551":{"start":{"line":1063,"column":2},"end":{"line":1076,"column":2}},"552":{"start":{"line":1064,"column":17},"end":{"line":1064,"column":33}},"553":{"start":{"line":1065,"column":4},"end":{"line":1074,"column":6}},"554":{"start":{"line":1066,"column":6},"end":{"line":1066,"column":62}},"555":{"start":{"line":1067,"column":6},"end":{"line":1067,"column":28}},"556":{"start":{"line":1068,"column":6},"end":{"line":1068,"column":33}},"557":{"start":{"line":1069,"column":6},"end":{"line":1069,"column":29}},"558":{"start":{"line":1070,"column":6},"end":{"line":1070,"column":29}},"559":{"start":{"line":1071,"column":6},"end":{"line":1071,"column":27}},"560":{"start":{"line":1072,"column":6},"end":{"line":1072,"column":33}},"561":{"start":{"line":1073,"column":6},"end":{"line":1073,"column":32}},"562":{"start":{"line":1075,"column":4},"end":{"line":1075,"column":28}},"563":{"start":{"line":1078,"column":9},"end":{"line":1086,"column":3}},"564":{"start":{"line":1078,"column":2},"end":{"line":1086,"column":2}},"565":{"start":{"line":1079,"column":20},"end":{"line":1079,"column":51}},"566":{"start":{"line":1080,"column":4},"end":{"line":1080,"column":28}},"567":{"start":{"line":1081,"column":4},"end":{"line":1081,"column":25}},"568":{"start":{"line":1082,"column":4},"end":{"line":1084,"column":7}},"569":{"start":{"line":1083,"column":6},"end":{"line":1083,"column":39}},"570":{"start":{"line":1088,"column":9},"end":{"line":1095,"column":3}},"571":{"start":{"line":1090,"column":20},"end":{"line":1090,"column":41}},"572":{"start":{"line":1092,"column":4},"end":{"line":1094,"column":7}},"573":{"start":{"line":1093,"column":6},"end":{"line":1093,"column":48}},"574":{"start":{"line":1097,"column":9},"end":{"line":1110,"column":3}},"575":{"start":{"line":1097,"column":2},"end":{"line":1110,"column":2}},"576":{"start":{"line":1098,"column":24},"end":{"line":1098,"column":60}},"577":{"start":{"line":1099,"column":4},"end":{"line":1099,"column":44}},"578":{"start":{"line":1100,"column":4},"end":{"line":1100,"column":31}},"579":{"start":{"line":1102,"column":4},"end":{"line":1109,"column":7}},"580":{"start":{"line":1103,"column":6},"end":{"line":1107,"column":7}},"581":{"start":{"line":1104,"column":8},"end":{"line":1104,"column":85}},"582":{"start":{"line":1106,"column":8},"end":{"line":1106,"column":48}},"583":{"start":{"line":1108,"column":6},"end":{"line":1108,"column":33}},"584":{"start":{"line":31,"column":34},"end":{"line":31,"column":63}},"585":{"start":{"line":32,"column":35},"end":{"line":32,"column":65}},"586":{"start":{"line":33,"column":25},"end":{"line":33,"column":45}},"587":{"start":{"line":35,"column":31},"end":{"line":35,"column":57}},"588":{"start":{"line":36,"column":37},"end":{"line":36,"column":69}},"589":{"start":{"line":37,"column":35},"end":{"line":37,"column":65}},"590":{"start":{"line":38,"column":33},"end":{"line":38,"column":61}},"591":{"start":{"line":39,"column":33},"end":{"line":39,"column":61}},"592":{"start":{"line":41,"column":41},"end":{"line":41,"column":77}},"593":{"start":{"line":42,"column":39},"end":{"line":42,"column":73}},"594":{"start":{"line":43,"column":37},"end":{"line":43,"column":69}},"595":{"start":{"line":45,"column":29},"end":{"line":45,"column":53}},"596":{"start":{"line":46,"column":35},"end":{"line":46,"column":65}},"597":{"start":{"line":47,"column":33},"end":{"line":47,"column":61}},"598":{"start":{"line":48,"column":31},"end":{"line":48,"column":57}},"599":{"start":{"line":50,"column":34},"end":{"line":50,"column":63}},"600":{"start":{"line":51,"column":35},"end":{"line":51,"column":65}},"601":{"start":{"line":52,"column":36},"end":{"line":52,"column":67}},"602":{"start":{"line":30,"column":13},"end":{"line":1111,"column":1}},"603":{"start":{"line":1111,"column":0},"end":{"line":1111,"column":1}},"604":{"start":{"line":30,"column":13},"end":{"line":30,"column":25}}},"fnMap":{"1":{"name":"(anonymous_0)","line":30,"loc":{"start":{"line":30,"column":0},"end":{"line":30,"column":-1}}},"2":{"name":"AppComponent","line":188,"loc":{"start":{"line":188,"column":2},"end":{"line":190,"column":3}}},"3":{"name":"(anonymous_2)","line":192,"loc":{"start":{"line":192,"column":48},"end":{"line":234,"column":3}}},"4":{"name":"(anonymous_3)","line":239,"loc":{"start":{"line":239,"column":59},"end":{"line":310,"column":3}}},"5":{"name":"createPinstripeCanvas","line":242,"loc":{"start":{"line":242,"column":4},"end":{"line":281,"column":5}}},"6":{"name":"(anonymous_5)","line":315,"loc":{"start":{"line":315,"column":68},"end":{"line":521,"column":3}}},"7":{"name":"(anonymous_6)","line":525,"loc":{"start":{"line":525,"column":60},"end":{"line":555,"column":3}}},"8":{"name":"(anonymous_7)","line":591,"loc":{"start":{"line":591,"column":41},"end":{"line":617,"column":3}}},"9":{"name":"(anonymous_8)","line":620,"loc":{"start":{"line":620,"column":39},"end":{"line":628,"column":3}}},"10":{"name":"(anonymous_9)","line":632,"loc":{"start":{"line":632,"column":49},"end":{"line":694,"column":3}}},"11":{"name":"(anonymous_10)","line":698,"loc":{"start":{"line":698,"column":53},"end":{"line":739,"column":3}}},"12":{"name":"(anonymous_11)","line":742,"loc":{"start":{"line":742,"column":2},"end":{"line":821,"column":3}}},"13":{"name":"(anonymous_12)","line":824,"loc":{"start":{"line":824,"column":33},"end":{"line":857,"column":3}}},"14":{"name":"(anonymous_13)","line":859,"loc":{"start":{"line":859,"column":2},"end":{"line":867,"column":3}}},"15":{"name":"(anonymous_14)","line":869,"loc":{"start":{"line":869,"column":2},"end":{"line":877,"column":3}}},"16":{"name":"(anonymous_15)","line":879,"loc":{"start":{"line":879,"column":2},"end":{"line":896,"column":3}}},"17":{"name":"(anonymous_16)","line":898,"loc":{"start":{"line":898,"column":2},"end":{"line":910,"column":3}}},"18":{"name":"(anonymous_17)","line":912,"loc":{"start":{"line":912,"column":2},"end":{"line":927,"column":3}}},"19":{"name":"(anonymous_18)","line":929,"loc":{"start":{"line":929,"column":2},"end":{"line":943,"column":3}}},"20":{"name":"(anonymous_19)","line":945,"loc":{"start":{"line":945,"column":2},"end":{"line":1029,"column":3}}},"21":{"name":"(anonymous_20)","line":1031,"loc":{"start":{"line":1031,"column":2},"end":{"line":1054,"column":3}}},"22":{"name":"(anonymous_21)","line":1056,"loc":{"start":{"line":1056,"column":2},"end":{"line":1061,"column":3}}},"23":{"name":"(anonymous_22)","line":1063,"loc":{"start":{"line":1063,"column":22},"end":{"line":1076,"column":3}}},"24":{"name":"(anonymous_23)","line":1065,"loc":{"start":{"line":1065,"column":24},"end":{"line":1074,"column":5}}},"25":{"name":"(anonymous_24)","line":1078,"loc":{"start":{"line":1078,"column":2},"end":{"line":1086,"column":3}}},"26":{"name":"(anonymous_25)","line":1082,"loc":{"start":{"line":1082,"column":26},"end":{"line":1084,"column":5}}},"27":{"name":"(anonymous_26)","line":1088,"loc":{"start":{"line":1088,"column":2},"end":{"line":1095,"column":3}}},"28":{"name":"(anonymous_27)","line":1092,"loc":{"start":{"line":1092,"column":53},"end":{"line":1094,"column":5}}},"29":{"name":"(anonymous_28)","line":1097,"loc":{"start":{"line":1097,"column":2},"end":{"line":1110,"column":3}}},"30":{"name":"(anonymous_29)","line":1102,"loc":{"start":{"line":1102,"column":27},"end":{"line":1109,"column":5}}}},"branchMap":{"1":{"line":192,"type":"if","locations":[{"start":{"line":192,"column":20},"end":{"line":192,"column":48}},{"start":{"line":192,"column":20},"end":{"line":192,"column":48}}]},"2":{"line":194,"type":"if","locations":[{"start":{"line":194,"column":4},"end":{"line":233,"column":5}},{"start":{"line":194,"column":4},"end":{"line":233,"column":5}}]},"3":{"line":239,"type":"if","locations":[{"start":{"line":239,"column":43},"end":{"line":239,"column":59}},{"start":{"line":239,"column":43},"end":{"line":239,"column":59}}]},"4":{"line":294,"type":"if","locations":[{"start":{"line":294,"column":6},"end":{"line":297,"column":7}},{"start":{"line":294,"column":6},"end":{"line":297,"column":7}}]},"5":{"line":338,"type":"if","locations":[{"start":{"line":338,"column":6},"end":{"line":414,"column":7}},{"start":{"line":338,"column":6},"end":{"line":414,"column":7}}]},"6":{"line":351,"type":"if","locations":[{"start":{"line":351,"column":8},"end":{"line":359,"column":9}},{"start":{"line":351,"column":8},"end":{"line":359,"column":9}}]},"7":{"line":363,"type":"if","locations":[{"start":{"line":363,"column":8},"end":{"line":371,"column":9}},{"start":{"line":363,"column":8},"end":{"line":371,"column":9}}]},"8":{"line":387,"type":"if","locations":[{"start":{"line":387,"column":8},"end":{"line":391,"column":9}},{"start":{"line":387,"column":8},"end":{"line":391,"column":9}}]},"9":{"line":387,"type":"binary-expr","locations":[{"start":{"line":387,"column":13},"end":{"line":387,"column":40}},{"start":{"line":387,"column":46},"end":{"line":387,"column":61}}]},"10":{"line":389,"type":"if","locations":[{"start":{"line":389,"column":15},"end":{"line":391,"column":9}},{"start":{"line":389,"column":15},"end":{"line":391,"column":9}}]},"11":{"line":389,"type":"binary-expr","locations":[{"start":{"line":389,"column":20},"end":{"line":389,"column":47}},{"start":{"line":389,"column":53},"end":{"line":389,"column":67}}]},"12":{"line":398,"type":"if","locations":[{"start":{"line":398,"column":8},"end":{"line":406,"column":9}},{"start":{"line":398,"column":8},"end":{"line":406,"column":9}}]},"13":{"line":431,"type":"if","locations":[{"start":{"line":431,"column":8},"end":{"line":433,"column":9}},{"start":{"line":431,"column":8},"end":{"line":433,"column":9}}]},"14":{"line":435,"type":"if","locations":[{"start":{"line":435,"column":6},"end":{"line":468,"column":7}},{"start":{"line":435,"column":6},"end":{"line":468,"column":7}}]},"15":{"line":436,"type":"if","locations":[{"start":{"line":436,"column":8},"end":{"line":467,"column":9}},{"start":{"line":436,"column":8},"end":{"line":467,"column":9}}]},"16":{"line":437,"type":"if","locations":[{"start":{"line":437,"column":10},"end":{"line":452,"column":11}},{"start":{"line":437,"column":10},"end":{"line":452,"column":11}}]},"17":{"line":444,"type":"if","locations":[{"start":{"line":444,"column":12},"end":{"line":446,"column":13}},{"start":{"line":444,"column":12},"end":{"line":446,"column":13}}]},"18":{"line":454,"type":"if","locations":[{"start":{"line":454,"column":10},"end":{"line":466,"column":11}},{"start":{"line":454,"column":10},"end":{"line":466,"column":11}}]},"19":{"line":470,"type":"if","locations":[{"start":{"line":470,"column":6},"end":{"line":519,"column":7}},{"start":{"line":470,"column":6},"end":{"line":519,"column":7}}]},"20":{"line":475,"type":"if","locations":[{"start":{"line":475,"column":8},"end":{"line":494,"column":9}},{"start":{"line":475,"column":8},"end":{"line":494,"column":9}}]},"21":{"line":496,"type":"if","locations":[{"start":{"line":496,"column":8},"end":{"line":518,"column":9}},{"start":{"line":496,"column":8},"end":{"line":518,"column":9}}]},"22":{"line":535,"type":"if","locations":[{"start":{"line":535,"column":6},"end":{"line":537,"column":7}},{"start":{"line":535,"column":6},"end":{"line":537,"column":7}}]},"23":{"line":539,"type":"if","locations":[{"start":{"line":539,"column":6},"end":{"line":544,"column":7}},{"start":{"line":539,"column":6},"end":{"line":544,"column":7}}]},"24":{"line":541,"type":"if","locations":[{"start":{"line":541,"column":13},"end":{"line":544,"column":7}},{"start":{"line":541,"column":13},"end":{"line":544,"column":7}}]},"25":{"line":541,"type":"binary-expr","locations":[{"start":{"line":541,"column":18},"end":{"line":541,"column":46}},{"start":{"line":542,"column":21},"end":{"line":542,"column":40}},{"start":{"line":542,"column":46},"end":{"line":542,"column":60}}]},"26":{"line":546,"type":"if","locations":[{"start":{"line":546,"column":6},"end":{"line":550,"column":7}},{"start":{"line":546,"column":6},"end":{"line":550,"column":7}}]},"27":{"line":594,"type":"if","locations":[{"start":{"line":594,"column":4},"end":{"line":599,"column":5}},{"start":{"line":594,"column":4},"end":{"line":599,"column":5}}]},"28":{"line":600,"type":"if","locations":[{"start":{"line":600,"column":4},"end":{"line":616,"column":5}},{"start":{"line":600,"column":4},"end":{"line":616,"column":5}}]},"29":{"line":603,"type":"if","locations":[{"start":{"line":603,"column":6},"end":{"line":605,"column":7}},{"start":{"line":603,"column":6},"end":{"line":605,"column":7}}]},"30":{"line":607,"type":"if","locations":[{"start":{"line":607,"column":11},"end":{"line":616,"column":5}},{"start":{"line":607,"column":11},"end":{"line":616,"column":5}}]},"31":{"line":610,"type":"if","locations":[{"start":{"line":610,"column":6},"end":{"line":612,"column":7}},{"start":{"line":610,"column":6},"end":{"line":612,"column":7}}]},"32":{"line":624,"type":"if","locations":[{"start":{"line":624,"column":4},"end":{"line":626,"column":5}},{"start":{"line":624,"column":4},"end":{"line":626,"column":5}}]},"33":{"line":641,"type":"if","locations":[{"start":{"line":641,"column":4},"end":{"line":644,"column":5}},{"start":{"line":641,"column":4},"end":{"line":644,"column":5}}]},"34":{"line":650,"type":"if","locations":[{"start":{"line":650,"column":6},"end":{"line":652,"column":7}},{"start":{"line":650,"column":6},"end":{"line":652,"column":7}}]},"35":{"line":650,"type":"binary-expr","locations":[{"start":{"line":650,"column":11},"end":{"line":650,"column":29}},{"start":{"line":650,"column":35},"end":{"line":650,"column":66}}]},"36":{"line":664,"type":"if","locations":[{"start":{"line":664,"column":6},"end":{"line":671,"column":7}},{"start":{"line":664,"column":6},"end":{"line":671,"column":7}}]},"37":{"line":664,"type":"binary-expr","locations":[{"start":{"line":664,"column":11},"end":{"line":664,"column":44}},{"start":{"line":665,"column":14},"end":{"line":665,"column":62}}]},"38":{"line":673,"type":"if","locations":[{"start":{"line":673,"column":6},"end":{"line":679,"column":7}},{"start":{"line":673,"column":6},"end":{"line":679,"column":7}}]},"39":{"line":673,"type":"binary-expr","locations":[{"start":{"line":673,"column":11},"end":{"line":673,"column":34}},{"start":{"line":673,"column":40},"end":{"line":673,"column":73}}]},"40":{"line":707,"type":"if","locations":[{"start":{"line":707,"column":4},"end":{"line":712,"column":5}},{"start":{"line":707,"column":4},"end":{"line":712,"column":5}}]},"41":{"line":723,"type":"if","locations":[{"start":{"line":723,"column":6},"end":{"line":726,"column":7}},{"start":{"line":723,"column":6},"end":{"line":726,"column":7}}]},"42":{"line":758,"type":"if","locations":[{"start":{"line":758,"column":6},"end":{"line":770,"column":7}},{"start":{"line":758,"column":6},"end":{"line":770,"column":7}}]},"43":{"line":783,"type":"if","locations":[{"start":{"line":783,"column":8},"end":{"line":793,"column":11}},{"start":{"line":783,"column":8},"end":{"line":793,"column":11}}]},"44":{"line":808,"type":"if","locations":[{"start":{"line":808,"column":8},"end":{"line":818,"column":11}},{"start":{"line":808,"column":8},"end":{"line":818,"column":11}}]},"45":{"line":827,"type":"if","locations":[{"start":{"line":827,"column":4},"end":{"line":855,"column":5}},{"start":{"line":827,"column":4},"end":{"line":855,"column":5}}]},"46":{"line":834,"type":"if","locations":[{"start":{"line":834,"column":11},"end":{"line":855,"column":5}},{"start":{"line":834,"column":11},"end":{"line":855,"column":5}}]},"47":{"line":841,"type":"if","locations":[{"start":{"line":841,"column":11},"end":{"line":855,"column":5}},{"start":{"line":841,"column":11},"end":{"line":855,"column":5}}]},"48":{"line":848,"type":"if","locations":[{"start":{"line":848,"column":11},"end":{"line":855,"column":5}},{"start":{"line":848,"column":11},"end":{"line":855,"column":5}}]},"49":{"line":861,"type":"if","locations":[{"start":{"line":861,"column":4},"end":{"line":865,"column":5}},{"start":{"line":861,"column":4},"end":{"line":865,"column":5}}]},"50":{"line":880,"type":"if","locations":[{"start":{"line":880,"column":4},"end":{"line":895,"column":5}},{"start":{"line":880,"column":4},"end":{"line":895,"column":5}}]},"51":{"line":880,"type":"binary-expr","locations":[{"start":{"line":880,"column":9},"end":{"line":880,"column":35}},{"start":{"line":880,"column":41},"end":{"line":880,"column":94}}]},"52":{"line":899,"type":"if","locations":[{"start":{"line":899,"column":4},"end":{"line":909,"column":5}},{"start":{"line":899,"column":4},"end":{"line":909,"column":5}}]},"53":{"line":899,"type":"binary-expr","locations":[{"start":{"line":899,"column":9},"end":{"line":899,"column":38}},{"start":{"line":900,"column":12},"end":{"line":900,"column":70}}]},"54":{"line":913,"type":"if","locations":[{"start":{"line":913,"column":4},"end":{"line":926,"column":5}},{"start":{"line":913,"column":4},"end":{"line":926,"column":5}}]},"55":{"line":913,"type":"binary-expr","locations":[{"start":{"line":913,"column":9},"end":{"line":913,"column":32}},{"start":{"line":913,"column":38},"end":{"line":913,"column":89}}]},"56":{"line":930,"type":"if","locations":[{"start":{"line":930,"column":4},"end":{"line":942,"column":5}},{"start":{"line":930,"column":4},"end":{"line":942,"column":5}}]},"57":{"line":930,"type":"binary-expr","locations":[{"start":{"line":930,"column":9},"end":{"line":930,"column":37}},{"start":{"line":931,"column":12},"end":{"line":931,"column":69}}]},"58":{"line":946,"type":"if","locations":[{"start":{"line":946,"column":4},"end":{"line":1027,"column":5}},{"start":{"line":946,"column":4},"end":{"line":1027,"column":5}}]},"59":{"line":948,"type":"if","locations":[{"start":{"line":948,"column":6},"end":{"line":965,"column":7}},{"start":{"line":948,"column":6},"end":{"line":965,"column":7}}]},"60":{"line":966,"type":"if","locations":[{"start":{"line":966,"column":11},"end":{"line":1027,"column":5}},{"start":{"line":966,"column":11},"end":{"line":1027,"column":5}}]},"61":{"line":968,"type":"if","locations":[{"start":{"line":968,"column":6},"end":{"line":983,"column":7}},{"start":{"line":968,"column":6},"end":{"line":983,"column":7}}]},"62":{"line":984,"type":"if","locations":[{"start":{"line":984,"column":11},"end":{"line":1027,"column":5}},{"start":{"line":984,"column":11},"end":{"line":1027,"column":5}}]},"63":{"line":986,"type":"if","locations":[{"start":{"line":986,"column":6},"end":{"line":1009,"column":7}},{"start":{"line":986,"column":6},"end":{"line":1009,"column":7}}]},"64":{"line":989,"type":"if","locations":[{"start":{"line":989,"column":8},"end":{"line":993,"column":9}},{"start":{"line":989,"column":8},"end":{"line":993,"column":9}}]},"65":{"line":996,"type":"if","locations":[{"start":{"line":996,"column":8},"end":{"line":1000,"column":9}},{"start":{"line":996,"column":8},"end":{"line":1000,"column":9}}]},"66":{"line":1010,"type":"if","locations":[{"start":{"line":1010,"column":11},"end":{"line":1027,"column":5}},{"start":{"line":1010,"column":11},"end":{"line":1027,"column":5}}]},"67":{"line":1013,"type":"if","locations":[{"start":{"line":1013,"column":6},"end":{"line":1026,"column":7}},{"start":{"line":1013,"column":6},"end":{"line":1026,"column":7}}]},"68":{"line":1032,"type":"if","locations":[{"start":{"line":1032,"column":4},"end":{"line":1052,"column":5}},{"start":{"line":1032,"column":4},"end":{"line":1052,"column":5}}]},"69":{"line":1037,"type":"if","locations":[{"start":{"line":1037,"column":11},"end":{"line":1052,"column":5}},{"start":{"line":1037,"column":11},"end":{"line":1052,"column":5}}]},"70":{"line":1042,"type":"if","locations":[{"start":{"line":1042,"column":11},"end":{"line":1052,"column":5}},{"start":{"line":1042,"column":11},"end":{"line":1052,"column":5}}]},"71":{"line":1047,"type":"if","locations":[{"start":{"line":1047,"column":11},"end":{"line":1052,"column":5}},{"start":{"line":1047,"column":11},"end":{"line":1052,"column":5}}]},"72":{"line":1103,"type":"if","locations":[{"start":{"line":1103,"column":6},"end":{"line":1107,"column":7}},{"start":{"line":1103,"column":6},"end":{"line":1107,"column":7}}]}},"s":{"1":1,"2":1,"3":1,"4":1,"5":1,"6":2,"7":2,"8":2,"9":2,"10":2,"11":2,"12":2,"13":2,"14":2,"15":2,"16":2,"17":2,"18":2,"19":2,"20":2,"21":2,"22":2,"23":2,"24":2,"25":2,"26":2,"27":2,"28":2,"29":2,"30":2,"31":2,"32":2,"33":2,"34":1,"35":4,"36":2,"37":2,"38":0,"39":0,"40":0,"41":0,"42":0,"43":2,"44":2,"45":2,"46":2,"47":2,"48":2,"49":2,"50":2,"51":2,"52":2,"53":2,"54":2,"55":2,"56":2,"57":2,"58":2,"59":2,"60":2,"61":2,"62":2,"63":2,"64":2,"65":2,"66":1,"67":0,"68":0,"69":0,"70":0,"71":0,"72":0,"73":0,"74":0,"75":0,"76":0,"77":0,"78":0,"79":0,"80":0,"81":0,"82":0,"83":0,"84":0,"85":0,"86":0,"87":0,"88":0,"89":0,"90":0,"91":0,"92":0,"93":0,"94":0,"95":0,"96":0,"97":0,"98":0,"99":0,"100":0,"101":0,"102":0,"103":0,"104":0,"105":0,"106":0,"107":0,"108":0,"109":0,"110":0,"111":0,"112":0,"113":0,"114":0,"115":0,"116":1,"117":0,"118":0,"119":0,"120":0,"121":0,"122":0,"123":0,"124":0,"125":0,"126":0,"127":0,"128":0,"129":0,"130":0,"131":0,"132":0,"133":0,"134":0,"135":0,"136":0,"137":0,"138":0,"139":0,"140":0,"141":0,"142":0,"143":0,"144":0,"145":0,"146":0,"147":0,"148":0,"149":0,"150":0,"151":0,"152":0,"153":0,"154":0,"155":0,"156":0,"157":0,"158":0,"159":0,"160":0,"161":0,"162":0,"163":0,"164":0,"165":0,"166":0,"167":0,"168":0,"169":0,"170":0,"171":0,"172":0,"173":0,"174":0,"175":0,"176":0,"177":0,"178":0,"179":0,"180":0,"181":0,"182":0,"183":0,"184":0,"185":0,"186":0,"187":0,"188":0,"189":0,"190":0,"191":0,"192":0,"193":0,"194":0,"195":0,"196":0,"197":0,"198":0,"199":0,"200":0,"201":0,"202":0,"203":0,"204":0,"205":0,"206":0,"207":0,"208":0,"209":0,"210":0,"211":0,"212":0,"213":0,"214":0,"215":0,"216":0,"217":0,"218":0,"219":0,"220":0,"221":0,"222":0,"223":0,"224":0,"225":0,"226":0,"227":0,"228":0,"229":0,"230":1,"231":1,"232":1,"233":1,"234":1,"235":2,"236":2,"237":2,"238":2,"239":2,"240":2,"241":2,"242":2,"243":1,"244":1,"245":0,"246":2,"247":2,"248":2,"249":0,"250":2,"251":1,"252":1,"253":0,"254":0,"255":0,"256":0,"257":0,"258":0,"259":0,"260":0,"261":0,"262":0,"263":0,"264":0,"265":0,"266":0,"267":0,"268":0,"269":0,"270":1,"271":0,"272":0,"273":0,"274":0,"275":0,"276":0,"277":1,"278":0,"279":0,"280":0,"281":0,"282":0,"283":0,"284":0,"285":0,"286":0,"287":0,"288":0,"289":0,"290":0,"291":0,"292":0,"293":0,"294":0,"295":0,"296":0,"297":0,"298":0,"299":0,"300":0,"301":0,"302":0,"303":0,"304":0,"305":0,"306":0,"307":0,"308":0,"309":0,"310":0,"311":0,"312":0,"313":0,"314":0,"315":0,"316":0,"317":0,"318":1,"319":0,"320":0,"321":0,"322":0,"323":0,"324":0,"325":0,"326":0,"327":0,"328":0,"329":0,"330":0,"331":0,"332":0,"333":0,"334":0,"335":0,"336":0,"337":0,"338":0,"339":0,"340":0,"341":0,"342":0,"343":0,"344":0,"345":0,"346":1,"347":0,"348":0,"349":0,"350":0,"351":0,"352":0,"353":0,"354":0,"355":0,"356":0,"357":0,"358":0,"359":0,"360":0,"361":0,"362":0,"363":0,"364":0,"365":0,"366":0,"367":0,"368":0,"369":0,"370":0,"371":0,"372":0,"373":0,"374":0,"375":0,"376":0,"377":0,"378":0,"379":0,"380":0,"381":0,"382":1,"383":0,"384":0,"385":0,"386":0,"387":0,"388":0,"389":0,"390":0,"391":0,"392":0,"393":0,"394":0,"395":0,"396":0,"397":0,"398":0,"399":0,"400":0,"401":0,"402":0,"403":0,"404":0,"405":0,"406":0,"407":0,"408":0,"409":0,"410":0,"411":0,"412":0,"413":0,"414":1,"415":0,"416":0,"417":0,"418":0,"419":0,"420":1,"421":0,"422":0,"423":0,"424":0,"425":0,"426":0,"427":0,"428":1,"429":0,"430":0,"431":0,"432":0,"433":0,"434":0,"435":0,"436":0,"437":0,"438":0,"439":0,"440":0,"441":0,"442":0,"443":1,"444":0,"445":0,"446":0,"447":0,"448":0,"449":0,"450":0,"451":0,"452":1,"453":0,"454":0,"455":0,"456":0,"457":0,"458":0,"459":0,"460":0,"461":0,"462":0,"463":0,"464":0,"465":1,"466":0,"467":0,"468":0,"469":0,"470":0,"471":0,"472":0,"473":0,"474":0,"475":0,"476":1,"477":0,"478":0,"479":0,"480":0,"481":0,"482":0,"483":0,"484":0,"485":0,"486":0,"487":0,"488":0,"489":0,"490":0,"491":0,"492":0,"493":0,"494":0,"495":0,"496":0,"497":0,"498":0,"499":0,"500":0,"501":0,"502":0,"503":0,"504":0,"505":0,"506":0,"507":0,"508":0,"509":0,"510":0,"511":0,"512":0,"513":0,"514":0,"515":0,"516":0,"517":0,"518":0,"519":0,"520":0,"521":0,"522":0,"523":0,"524":1,"525":0,"526":0,"527":0,"528":0,"529":0,"530":0,"531":0,"532":0,"533":0,"534":0,"535":0,"536":0,"537":0,"538":0,"539":0,"540":0,"541":0,"542":0,"543":0,"544":0,"545":0,"546":1,"547":0,"548":0,"549":0,"550":1,"551":0,"552":0,"553":0,"554":0,"555":0,"556":0,"557":0,"558":0,"559":0,"560":0,"561":0,"562":0,"563":1,"564":0,"565":0,"566":0,"567":0,"568":0,"569":0,"570":1,"571":0,"572":0,"573":0,"574":1,"575":0,"576":0,"577":0,"578":0,"579":0,"580":0,"581":0,"582":0,"583":0,"584":1,"585":1,"586":1,"587":1,"588":1,"589":1,"590":1,"591":1,"592":1,"593":1,"594":1,"595":1,"596":1,"597":1,"598":1,"599":1,"600":1,"601":1,"602":1,"603":1,"604":1},"b":{"1":[2,0],"2":[0,2],"3":[0,0],"4":[0,0],"5":[0,0],"6":[0,0],"7":[0,0],"8":[0,0],"9":[0,0],"10":[0,0],"11":[0,0],"12":[0,0],"13":[0,0],"14":[0,0],"15":[0,0],"16":[0,0],"17":[0,0],"18":[0,0],"19":[0,0],"20":[0,0],"21":[0,0],"22":[2,0],"23":[1,1],"24":[0,1],"25":[1,1,0],"26":[2,0],"27":[0,0],"28":[0,0],"29":[0,0],"30":[0,0],"31":[0,0],"32":[0,0],"33":[0,0],"34":[0,0],"35":[0,0],"36":[0,0],"37":[0,0],"38":[0,0],"39":[0,0],"40":[0,0],"41":[0,0],"42":[0,0],"43":[0,0],"44":[0,0],"45":[0,0],"46":[0,0],"47":[0,0],"48":[0,0],"49":[0,0],"50":[0,0],"51":[0,0],"52":[0,0],"53":[0,0],"54":[0,0],"55":[0,0],"56":[0,0],"57":[0,0],"58":[0,0],"59":[0,0],"60":[0,0],"61":[0,0],"62":[0,0],"63":[0,0],"64":[0,0],"65":[0,0],"66":[0,0],"67":[0,0],"68":[0,0],"69":[0,0],"70":[0,0],"71":[0,0],"72":[0,0]},"f":{"1":1,"2":2,"3":2,"4":0,"5":0,"6":0,"7":1,"8":0,"9":0,"10":0,"11":0,"12":0,"13":0,"14":0,"15":0,"16":0,"17":0,"18":0,"19":0,"20":0,"21":0,"22":0,"23":0,"24":0,"25":0,"26":0,"27":0,"28":0,"29":0,"30":0},"l":{"1":1,"16":1,"17":1,"18":1,"30":1,"31":1,"32":1,"33":1,"35":1,"36":1,"37":1,"38":1,"39":1,"41":1,"42":1,"43":1,"45":1,"46":1,"47":1,"48":1,"50":1,"51":1,"52":1,"54":2,"55":2,"57":2,"58":2,"59":2,"60":2,"62":2,"63":2,"64":2,"65":2,"66":2,"67":2,"70":2,"71":2,"72":2,"73":2,"76":2,"77":2,"78":2,"79":2,"80":2,"83":2,"84":2,"85":2,"86":2,"89":2,"92":2,"189":2,"192":4,"193":2,"194":2,"195":0,"196":0,"197":0,"198":0,"199":0,"204":2,"205":2,"206":2,"207":2,"208":2,"209":2,"210":2,"213":2,"214":2,"215":2,"216":2,"217":2,"218":2,"221":2,"222":2,"223":2,"224":2,"225":2,"228":2,"229":2,"230":2,"231":2,"232":2,"237":1,"239":0,"240":0,"244":0,"245":0,"246":0,"247":0,"249":0,"250":0,"251":0,"254":0,"255":0,"256":0,"257":0,"258":0,"259":0,"262":0,"263":0,"264":0,"265":0,"266":0,"267":0,"268":0,"269":0,"270":0,"273":0,"274":0,"275":0,"276":0,"277":0,"278":0,"280":0,"283":0,"284":0,"286":0,"287":0,"288":0,"289":0,"290":0,"291":0,"292":0,"293":0,"294":0,"295":0,"296":0,"300":0,"301":0,"302":0,"303":0,"308":0,"314":1,"317":0,"318":0,"320":0,"323":0,"324":0,"325":0,"326":0,"327":0,"329":0,"330":0,"331":0,"332":0,"333":0,"334":0,"335":0,"336":0,"338":0,"339":0,"340":0,"341":0,"344":0,"349":0,"350":0,"351":0,"352":0,"356":0,"363":0,"364":0,"368":0,"374":0,"375":0,"376":0,"377":0,"378":0,"381":0,"382":0,"383":0,"384":0,"385":0,"387":0,"388":0,"389":0,"390":0,"393":0,"396":0,"397":0,"398":0,"399":0,"403":0,"409":0,"410":0,"411":0,"412":0,"413":0,"417":0,"419":0,"420":0,"421":0,"422":0,"423":0,"424":0,"425":0,"426":0,"427":0,"429":0,"430":0,"431":0,"432":0,"435":0,"436":0,"437":0,"438":0,"439":0,"440":0,"444":0,"445":0,"447":0,"448":0,"449":0,"454":0,"455":0,"456":0,"457":0,"461":0,"462":0,"463":0,"470":0,"471":0,"472":0,"475":0,"477":0,"478":0,"480":0,"482":0,"483":0,"486":0,"487":0,"490":0,"492":0,"493":0,"496":0,"499":0,"500":0,"503":0,"505":0,"506":0,"510":0,"511":0,"514":0,"516":0,"517":0,"525":1,"526":1,"527":1,"528":1,"530":2,"532":2,"533":2,"534":2,"535":2,"536":2,"538":2,"539":2,"540":1,"541":1,"543":0,"545":2,"546":2,"547":2,"549":0,"551":2,"553":1,"591":1,"592":0,"594":0,"595":0,"598":0,"600":0,"601":0,"602":0,"603":0,"604":0,"606":0,"607":0,"608":0,"609":0,"610":0,"611":0,"613":0,"615":0,"620":1,"621":0,"622":0,"623":0,"624":0,"625":0,"627":0,"631":1,"633":0,"634":0,"635":0,"636":0,"637":0,"638":0,"641":0,"642":0,"643":0,"646":0,"648":0,"650":0,"651":0,"653":0,"654":0,"655":0,"657":0,"659":0,"660":0,"661":0,"662":0,"664":0,"666":0,"667":0,"668":0,"669":0,"670":0,"673":0,"674":0,"675":0,"676":0,"677":0,"678":0,"682":0,"683":0,"684":0,"686":0,"687":0,"688":0,"697":1,"699":0,"700":0,"701":0,"702":0,"703":0,"704":0,"706":0,"707":0,"708":0,"709":0,"711":0,"715":0,"716":0,"717":0,"718":0,"719":0,"720":0,"721":0,"722":0,"723":0,"724":0,"725":0,"729":0,"730":0,"731":0,"732":0,"738":0,"742":1,"743":0,"744":0,"745":0,"747":0,"748":0,"749":0,"751":0,"752":0,"753":0,"754":0,"756":0,"757":0,"758":0,"759":0,"762":0,"766":0,"773":0,"774":0,"777":0,"779":0,"781":0,"783":0,"784":0,"787":0,"790":0,"798":0,"802":0,"804":0,"806":0,"808":0,"809":0,"812":0,"815":0,"824":1,"825":0,"826":0,"827":0,"828":0,"829":0,"830":0,"831":0,"832":0,"833":0,"834":0,"835":0,"836":0,"837":0,"838":0,"839":0,"840":0,"841":0,"842":0,"843":0,"844":0,"845":0,"846":0,"847":0,"848":0,"849":0,"850":0,"851":0,"852":0,"853":0,"854":0,"856":0,"859":1,"860":0,"861":0,"862":0,"864":0,"866":0,"869":1,"870":0,"871":0,"872":0,"873":0,"874":0,"875":0,"876":0,"879":1,"880":0,"881":0,"882":0,"883":0,"884":0,"885":0,"886":0,"887":0,"889":0,"890":0,"891":0,"892":0,"893":0,"894":0,"898":1,"899":0,"901":0,"902":0,"903":0,"904":0,"906":0,"907":0,"908":0,"912":1,"913":0,"914":0,"915":0,"916":0,"917":0,"918":0,"919":0,"921":0,"922":0,"923":0,"924":0,"925":0,"929":1,"930":0,"932":0,"933":0,"934":0,"935":0,"936":0,"938":0,"939":0,"940":0,"941":0,"945":1,"946":0,"947":0,"948":0,"949":0,"950":0,"951":0,"952":0,"953":0,"955":0,"963":0,"964":0,"966":0,"967":0,"968":0,"969":0,"970":0,"971":0,"972":0,"974":0,"981":0,"982":0,"984":0,"985":0,"986":0,"987":0,"988":0,"989":0,"990":0,"992":0,"995":0,"996":0,"997":0,"999":0,"1001":0,"1007":0,"1008":0,"1010":0,"1011":0,"1012":0,"1013":0,"1014":0,"1015":0,"1016":0,"1018":0,"1024":0,"1025":0,"1028":0,"1031":1,"1032":0,"1033":0,"1034":0,"1035":0,"1036":0,"1037":0,"1038":0,"1039":0,"1040":0,"1041":0,"1042":0,"1043":0,"1044":0,"1045":0,"1046":0,"1047":0,"1048":0,"1049":0,"1050":0,"1051":0,"1053":0,"1056":1,"1057":0,"1058":0,"1060":0,"1063":1,"1064":0,"1065":0,"1066":0,"1067":0,"1068":0,"1069":0,"1070":0,"1071":0,"1072":0,"1073":0,"1075":0,"1078":1,"1079":0,"1080":0,"1081":0,"1082":0,"1083":0,"1088":1,"1090":0,"1092":0,"1093":0,"1097":1,"1098":0,"1099":0,"1100":0,"1102":0,"1103":0,"1104":0,"1106":0,"1108":0,"1111":1}},
"src\\app\\services\\test.service.ts":{"path":"src\\app\\services\\test.service.ts","statementMap":{"1":{"start":{"line":1,"column":0},"end":{"line":1,"column":42}},"2":{"start":{"line":2,"column":0},"end":{"line":2,"column":16}},"3":{"start":{"line":5,"column":0},"end":{"line":9,"column":0}},"4":{"start":{"line":7,"column":11},"end":{"line":7,"column":37}},"5":{"start":{"line":5,"column":13},"end":{"line":9,"column":1}},"6":{"start":{"line":9,"column":0},"end":{"line":9,"column":1}},"7":{"start":{"line":5,"column":13},"end":{"line":5,"column":24}}},"fnMap":{"1":{"name":"(anonymous_0)","line":5,"loc":{"start":{"line":5,"column":0},"end":{"line":5,"column":-1}}},"2":{"name":"TestService","line":4,"loc":{"start":{"line":4,"column":0},"end":{"line":9,"column":1}}}},"branchMap":{},"s":{"1":1,"2":1,"3":1,"4":1,"5":1,"6":1,"7":1},"b":{},"f":{"1":1,"2":1},"l":{"1":1,"2":1,"5":1,"7":1,"9":1}}}
